  pix.cpp
E:\stuffthatisprobablybreakingthelawbutidontcare\Roblox Source\Base\include\rbx/boost.hpp(7): fatal error C1083: Cannot open include file: 'boost/config/user.hpp': No such file or directory
  Texture.cpp
E:\stuffthatisprobablybreakingthelawbutidontcare\Roblox Source\Base\include\rbx/boost.hpp(7): fatal error C1083: Cannot open include file: 'boost/config/user.hpp': No such file or directory
  States.cpp
E:\stuffthatisprobablybreakingthelawbutidontcare\Roblox Source\Rendering\GfxCore\include\GfxCore/States.h(3): fatal error C1083: Cannot open include file: 'boost/functional/hash_fwd.hpp': No such file or directory
  Shader.cpp
E:\stuffthatisprobablybreakingthelawbutidontcare\Roblox Source\Base\include\rbx/boost.hpp(7): fatal error C1083: Cannot open include file: 'boost/config/user.hpp': No such file or directory
  Resource.cpp
E:\stuffthatisprobablybreakingthelawbutidontcare\Roblox Source\Base\include\rbx/boost.hpp(7): fatal error C1083: Cannot open include file: 'boost/config/user.hpp': No such file or directory
  Geometry.cpp
E:\stuffthatisprobablybreakingthelawbutidontcare\Roblox Source\Base\include\rbx/boost.hpp(7): fatal error C1083: Cannot open include file: 'boost/config/user.hpp': No such file or directory
  TextureGL.cpp
E:\stuffthatisprobablybreakingthelawbutidontcare\Roblox Source\Base\include\rbx/boost.hpp(7): fatal error C1083: Cannot open include file: 'boost/config/user.hpp': No such file or directory
  ShaderGL.cpp
E:\stuffthatisprobablybreakingthelawbutidontcare\Roblox Source\Base\include\rbx/boost.hpp(7): fatal error C1083: Cannot open include file: 'boost/config/user.hpp': No such file or directory
  GeometryGL.cpp
E:\stuffthatisprobablybreakingthelawbutidontcare\Roblox Source\Base\include\rbx/boost.hpp(7): fatal error C1083: Cannot open include file: 'boost/config/user.hpp': No such file or directory
  FramebufferGL.cpp
E:\stuffthatisprobablybreakingthelawbutidontcare\Roblox Source\Base\include\rbx/boost.hpp(7): fatal error C1083: Cannot open include file: 'boost/config/user.hpp': No such file or directory
  DeviceGL.cpp
E:\stuffthatisprobablybreakingthelawbutidontcare\Roblox Source\Base\include\rbx/boost.hpp(7): fatal error C1083: Cannot open include file: 'boost/config/user.hpp': No such file or directory
  DeviceContextGL.cpp
E:\stuffthatisprobablybreakingthelawbutidontcare\Roblox Source\Base\include\rbx/boost.hpp(7): fatal error C1083: Cannot open include file: 'boost/config/user.hpp': No such file or directory
  Framebuffer.cpp
E:\stuffthatisprobablybreakingthelawbutidontcare\Roblox Source\Base\include\rbx/boost.hpp(7): fatal error C1083: Cannot open include file: 'boost/config/user.hpp': No such file or directory
  DeviceCreate.cpp
E:\stuffthatisprobablybreakingthelawbutidontcare\Roblox Source\Base\include\rbx/boost.hpp(7): fatal error C1083: Cannot open include file: 'boost/config/user.hpp': No such file or directory
  Device.cpp
E:\stuffthatisprobablybreakingthelawbutidontcare\Roblox Source\Base\include\rbx/boost.hpp(7): fatal error C1083: Cannot open include file: 'boost/config/user.hpp': No such file or directory
  TextureD3D9.cpp
E:\stuffthatisprobablybreakingthelawbutidontcare\Roblox Source\Base\include\rbx/boost.hpp(7): fatal error C1083: Cannot open include file: 'boost/config/user.hpp': No such file or directory
  ShaderD3D9.cpp
E:\stuffthatisprobablybreakingthelawbutidontcare\Roblox Source\Base\include\rbx/boost.hpp(7): fatal error C1083: Cannot open include file: 'boost/config/user.hpp': No such file or directory
  GeometryD3D9.cpp
E:\stuffthatisprobablybreakingthelawbutidontcare\Roblox Source\Base\include\rbx/boost.hpp(7): fatal error C1083: Cannot open include file: 'boost/config/user.hpp': No such file or directory
  FramebufferD3D9.cpp
E:\stuffthatisprobablybreakingthelawbutidontcare\Roblox Source\Base\include\rbx/boost.hpp(7): fatal error C1083: Cannot open include file: 'boost/config/user.hpp': No such file or directory
  DeviceD3D9.cpp
E:\stuffthatisprobablybreakingthelawbutidontcare\Roblox Source\Base\include\rbx/boost.hpp(7): fatal error C1083: Cannot open include file: 'boost/config/user.hpp': No such file or directory
  Generating Code...
  Compiling...
  DeviceContextD3D9.cpp
E:\stuffthatisprobablybreakingthelawbutidontcare\Roblox Source\Base\include\rbx/boost.hpp(7): fatal error C1083: Cannot open include file: 'boost/config/user.hpp': No such file or directory
  TextureD3D11.cpp
E:\stuffthatisprobablybreakingthelawbutidontcare\Roblox Source\Base\include\rbx/boost.hpp(7): fatal error C1083: Cannot open include file: 'boost/config/user.hpp': No such file or directory
  ShaderD3D11.cpp
E:\stuffthatisprobablybreakingthelawbutidontcare\Roblox Source\Base\include\rbx/boost.hpp(7): fatal error C1083: Cannot open include file: 'boost/config/user.hpp': No such file or directory
  OpenVRD3D11.cpp
E:\stuffthatisprobablybreakingthelawbutidontcare\Roblox Source\Base\include\rbx/boost.hpp(7): fatal error C1083: Cannot open include file: 'boost/config/user.hpp': No such file or directory
  OculusVRD3D11.cpp
E:\stuffthatisprobablybreakingthelawbutidontcare\Roblox Source\Base\include\rbx/boost.hpp(7): fatal error C1083: Cannot open include file: 'boost/config/user.hpp': No such file or directory
  GeometryD3D11.cpp
E:\stuffthatisprobablybreakingthelawbutidontcare\Roblox Source\Base\include\rbx/boost.hpp(7): fatal error C1083: Cannot open include file: 'boost/config/user.hpp': No such file or directory
  FramebufferD3D11.cpp
E:\stuffthatisprobablybreakingthelawbutidontcare\Roblox Source\Base\include\rbx/boost.hpp(7): fatal error C1083: Cannot open include file: 'boost/config/user.hpp': No such file or directory
  DeviceD3D11Win32.cpp
E:\stuffthatisprobablybreakingthelawbutidontcare\Roblox Source\Base\include\rbx/boost.hpp(7): fatal error C1083: Cannot open include file: 'boost/config/user.hpp': No such file or directory
  DeviceD3D11.cpp
E:\stuffthatisprobablybreakingthelawbutidontcare\Roblox Source\Base\include\rbx/boost.hpp(7): fatal error C1083: Cannot open include file: 'boost/config/user.hpp': No such file or directory
  DeviceContextD3D11.cpp
E:\stuffthatisprobablybreakingthelawbutidontcare\Roblox Source\Base\include\rbx/boost.hpp(7): fatal error C1083: Cannot open include file: 'boost/config/user.hpp': No such file or directory
  Generating Code...
